<?xml version="1.0" encoding="UTF-8"?>
<testng-results ignored="0" total="11" passed="11" failed="0" skipped="0">
  <reporter-output>
  </reporter-output>
  <suite started-at="2024-05-09T22:03:24 IST" name="Suite" finished-at="2024-05-09T22:03:54 IST" duration-ms="29770">
    <groups>
    </groups>
    <test started-at="2024-05-09T22:03:24 IST" name="Test" finished-at="2024-05-09T22:03:54 IST" duration-ms="29770">
      <class name="TestSuites.TestCases">
        <test-method is-config="true" signature="invokebrowser()[pri:0, instance:TestSuites.TestCases@43bc63a3]" started-at="2024-05-09T22:03:25 IST" name="invokebrowser" finished-at="2024-05-09T22:03:33 IST" duration-ms="7286" status="PASS">
          <reporter-output>
          </reporter-output>
        </test-method> <!-- invokebrowser -->
        <test-method signature="Login()[pri:1, instance:TestSuites.TestCases@43bc63a3]" started-at="2024-05-09T22:03:33 IST" name="Login" finished-at="2024-05-09T22:03:40 IST" duration-ms="7818" status="PASS">
          <reporter-output>
          </reporter-output>
        </test-method> <!-- Login -->
        <test-method signature="Filtration()[pri:2, instance:TestSuites.TestCases@43bc63a3]" started-at="2024-05-09T22:03:41 IST" name="Filtration" finished-at="2024-05-09T22:03:41 IST" duration-ms="558" status="PASS">
          <reporter-output>
          </reporter-output>
        </test-method> <!-- Filtration -->
        <test-method signature="FetchDetails()[pri:3, instance:TestSuites.TestCases@43bc63a3]" started-at="2024-05-09T22:03:42 IST" name="FetchDetails" finished-at="2024-05-09T22:03:42 IST" duration-ms="742" status="PASS">
          <reporter-output>
          </reporter-output>
        </test-method> <!-- FetchDetails -->
        <test-method signature="AddItems()[pri:4, instance:TestSuites.TestCases@43bc63a3]" started-at="2024-05-09T22:03:43 IST" name="AddItems" finished-at="2024-05-09T22:03:44 IST" duration-ms="1221" status="PASS">
          <reporter-output>
          </reporter-output>
        </test-method> <!-- AddItems -->
        <test-method signature="RemoveItem()[pri:5, instance:TestSuites.TestCases@43bc63a3]" started-at="2024-05-09T22:03:44 IST" name="RemoveItem" finished-at="2024-05-09T22:03:45 IST" duration-ms="907" status="PASS">
          <reporter-output>
          </reporter-output>
        </test-method> <!-- RemoveItem -->
        <test-method signature="EnterInvalidDetails()[pri:6, instance:TestSuites.TestCases@43bc63a3]" started-at="2024-05-09T22:03:46 IST" name="EnterInvalidDetails" finished-at="2024-05-09T22:03:47 IST" duration-ms="1324" status="PASS">
          <reporter-output>
          </reporter-output>
        </test-method> <!-- EnterInvalidDetails -->
        <test-method signature="EnterDetails()[pri:7, instance:TestSuites.TestCases@43bc63a3]" started-at="2024-05-09T22:03:47 IST" name="EnterDetails" finished-at="2024-05-09T22:03:49 IST" duration-ms="1544" status="PASS">
          <reporter-output>
          </reporter-output>
        </test-method> <!-- EnterDetails -->
        <test-method signature="FetchShippingDetails()[pri:8, instance:TestSuites.TestCases@43bc63a3]" started-at="2024-05-09T22:03:49 IST" name="FetchShippingDetails" finished-at="2024-05-09T22:03:49 IST" duration-ms="124" status="PASS">
          <reporter-output>
          </reporter-output>
        </test-method> <!-- FetchShippingDetails -->
        <test-method signature="Finish()[pri:9, instance:TestSuites.TestCases@43bc63a3]" started-at="2024-05-09T22:03:49 IST" name="Finish" finished-at="2024-05-09T22:03:50 IST" duration-ms="1246" status="PASS">
          <reporter-output>
          </reporter-output>
        </test-method> <!-- Finish -->
        <test-method signature="Logout()[pri:10, instance:TestSuites.TestCases@43bc63a3]" started-at="2024-05-09T22:03:51 IST" name="Logout" finished-at="2024-05-09T22:03:51 IST" duration-ms="645" status="PASS">
          <reporter-output>
          </reporter-output>
        </test-method> <!-- Logout -->
        <test-method signature="InvalidLogin()[pri:11, instance:TestSuites.TestCases@43bc63a3]" started-at="2024-05-09T22:03:52 IST" name="InvalidLogin" finished-at="2024-05-09T22:03:53 IST" duration-ms="861" status="PASS">
          <reporter-output>
          </reporter-output>
        </test-method> <!-- InvalidLogin -->
        <test-method is-config="true" signature="closebrower()[pri:0, instance:TestSuites.TestCases@43bc63a3]" started-at="2024-05-09T22:03:53 IST" name="closebrower" finished-at="2024-05-09T22:03:54 IST" duration-ms="1256" status="PASS">
          <reporter-output>
          </reporter-output>
        </test-method> <!-- closebrower -->
      </class> <!-- TestSuites.TestCases -->
    </test> <!-- Test -->
  </suite> <!-- Suite -->
</testng-results>
